<?xml version="1.0" encoding="UTF-8"?>
<testsuites name="jest tests" tests="30" failures="0" errors="0" time="0.674">
  <testsuite name="Tests constants values" errors="0" failures="0" skipped="0" timestamp="2024-11-03T16:20:59" time="0.52" tests="1">
    <testcase classname="Tests constants values Tests Semantic Versioning" name="Tests constants values Tests Semantic Versioning" time="0.002">
    </testcase>
  </testsuite>
  <testsuite name="Version Validation" errors="0" failures="0" skipped="0" timestamp="2024-11-03T16:21:00" time="0.079" tests="29">
    <testcase classname="Version Validation Using direct file import for input patch return true" name="Version Validation Using direct file import for input patch return true" time="0.001">
    </testcase>
    <testcase classname="Version Validation Using direct file import for input minor return true" name="Version Validation Using direct file import for input minor return true" time="0.001">
    </testcase>
    <testcase classname="Version Validation Using direct file import for input major return true" name="Version Validation Using direct file import for input major return true" time="0.001">
    </testcase>
    <testcase classname="Version Validation Using direct file import for input v1.2.3 return true" name="Version Validation Using direct file import for input v1.2.3 return true" time="0">
    </testcase>
    <testcase classname="Version Validation Using direct file import for input v1.2.3-alpha return true" name="Version Validation Using direct file import for input v1.2.3-alpha return true" time="0">
    </testcase>
    <testcase classname="Version Validation Using direct file import for input v1.2.3-beta return true" name="Version Validation Using direct file import for input v1.2.3-beta return true" time="0">
    </testcase>
    <testcase classname="Version Validation Using direct file import for input v1.2.3-development return true" name="Version Validation Using direct file import for input v1.2.3-development return true" time="0.001">
    </testcase>
    <testcase classname="Version Validation Using direct file import for input v1.2.3-alpha.1 return true" name="Version Validation Using direct file import for input v1.2.3-alpha.1 return true" time="0.001">
    </testcase>
    <testcase classname="Version Validation Using direct file import for input v1.2.3-beta.2 return true" name="Version Validation Using direct file import for input v1.2.3-beta.2 return true" time="0">
    </testcase>
    <testcase classname="Version Validation Using direct file import for input v1.2.3-development.3 return true" name="Version Validation Using direct file import for input v1.2.3-development.3 return true" time="0">
    </testcase>
    <testcase classname="Version Validation Using direct file import for input v return false" name="Version Validation Using direct file import for input v return false" time="0.001">
    </testcase>
    <testcase classname="Version Validation Using direct file import for input v1 return false" name="Version Validation Using direct file import for input v1 return false" time="0.001">
    </testcase>
    <testcase classname="Version Validation Using direct file import for input v1.2 return false" name="Version Validation Using direct file import for input v1.2 return false" time="0">
    </testcase>
    <testcase classname="Version Validation Using direct file import for input v1.2.3asdsa return false" name="Version Validation Using direct file import for input v1.2.3asdsa return false" time="0.001">
    </testcase>
    <testcase classname="Version Validation Using direct file import for input v1.2.3-123 return false" name="Version Validation Using direct file import for input v1.2.3-123 return false" time="0">
    </testcase>
    <testcase classname="Version Validation Using direct file import for input v1.2.3-asd123 return false" name="Version Validation Using direct file import for input v1.2.3-asd123 return false" time="0.001">
    </testcase>
    <testcase classname="Version Validation Using direct file import for input v1.2.3-alpha.asdas return false" name="Version Validation Using direct file import for input v1.2.3-alpha.asdas return false" time="0">
    </testcase>
    <testcase classname="Version Validation Using direct file import for input v1.2.3-beta. return false" name="Version Validation Using direct file import for input v1.2.3-beta. return false" time="0">
    </testcase>
    <testcase classname="Message Validation Using direct file import for input refs #1 - updated return true" name="Message Validation Using direct file import for input refs #1 - updated return true" time="0.001">
    </testcase>
    <testcase classname="Message Validation Using direct file import for input made a new feature return true" name="Message Validation Using direct file import for input made a new feature return true" time="0.001">
    </testcase>
    <testcase classname="Message Validation Using direct file import for input major return true" name="Message Validation Using direct file import for input major return true" time="0">
    </testcase>
    <testcase classname="Message Validation Using direct file import for input v1.2.3 return true" name="Message Validation Using direct file import for input v1.2.3 return true" time="0.005">
    </testcase>
    <testcase classname="Message Validation Using direct file import for input v1.2.3-alpha return true" name="Message Validation Using direct file import for input v1.2.3-alpha return true" time="0.001">
    </testcase>
    <testcase classname="Message Validation Using direct file import for input v1.2.3-beta return true" name="Message Validation Using direct file import for input v1.2.3-beta return true" time="0">
    </testcase>
    <testcase classname="Message Validation Using direct file import for input v1.2.3-development return true" name="Message Validation Using direct file import for input v1.2.3-development return true" time="0">
    </testcase>
    <testcase classname="Message Validation Using direct file import for input v1.2.3-alpha.1 return true" name="Message Validation Using direct file import for input v1.2.3-alpha.1 return true" time="0.001">
    </testcase>
    <testcase classname="Message Validation Using direct file import for input v1.2.3-beta.2 return true" name="Message Validation Using direct file import for input v1.2.3-beta.2 return true" time="0">
    </testcase>
    <testcase classname="Message Validation Using direct file import for input v1.2.3-development.3 return true" name="Message Validation Using direct file import for input v1.2.3-development.3 return true" time="0">
    </testcase>
    <testcase classname="Message Validation Using direct file import for input  return false" name="Message Validation Using direct file import for input  return false" time="0">
    </testcase>
  </testsuite>
</testsuites>